<?xml version="1.0" encoding="UTF-8"?>
<testng-results skipped="0" failed="0" ignored="0" total="1" passed="1">
  <reporter-output>
  </reporter-output>
  <suite name="Default suite" duration-ms="10055" started-at="2017-05-26T00:06:03Z" finished-at="2017-05-26T00:06:13Z">
    <groups>
    </groups>
    <test name="Default test" duration-ms="10055" started-at="2017-05-26T00:06:03Z" finished-at="2017-05-26T00:06:13Z">
      <class name="multiplethread.KillThreadTest">
        <test-method status="PASS" signature="testKillThread()[pri:0, instance:multiplethread.KillThreadTest@4590c9c3]" name="testKillThread" duration-ms="10027" started-at="2017-05-26T08:06:03Z" finished-at="2017-05-26T08:06:13Z">
          <reporter-output>
          </reporter-output>
        </test-method> <!-- testKillThread -->
      </class> <!-- multiplethread.KillThreadTest -->
    </test> <!-- Default test -->
  </suite> <!-- Default suite -->
</testng-results>
