<?xml version="1.0" encoding="UTF-8"?>
<testng-results skipped="0" failed="0" ignored="0" total="1" passed="1">
  <reporter-output>
  </reporter-output>
  <suite name="Default suite" duration-ms="68" started-at="2017-09-14T14:21:22Z" finished-at="2017-09-14T14:21:22Z">
    <groups>
    </groups>
    <test name="Default test" duration-ms="68" started-at="2017-09-14T14:21:22Z" finished-at="2017-09-14T14:21:22Z">
      <class name="test.andy.hello.CanPartitionTest">
        <test-method status="PASS" signature="canPartition()[pri:0, instance:test.andy.hello.CanPartitionTest@7f560810]" name="canPartition" duration-ms="27" started-at="2017-09-14T22:21:22Z" finished-at="2017-09-14T22:21:22Z">
          <reporter-output>
          </reporter-output>
        </test-method> <!-- canPartition -->
      </class> <!-- test.andy.hello.CanPartitionTest -->
    </test> <!-- Default test -->
  </suite> <!-- Default suite -->
</testng-results>
