<?xml version="1.0" encoding="UTF-8"?>
<testng-results skipped="0" failed="0" ignored="0" total="1" passed="1">
  <reporter-output>
  </reporter-output>
  <suite name="Default suite" duration-ms="108" started-at="2017-08-10T13:21:37Z" finished-at="2017-08-10T13:21:37Z">
    <groups>
    </groups>
    <test name="Default test" duration-ms="108" started-at="2017-08-10T13:21:37Z" finished-at="2017-08-10T13:21:37Z">
      <class name="test.andy.hello.MaxEnvelopesTest">
        <test-method status="PASS" signature="maxEnvelopes()[pri:0, instance:test.andy.hello.MaxEnvelopesTest@7f560810]" name="maxEnvelopes" duration-ms="70" started-at="2017-08-10T21:21:37Z" finished-at="2017-08-10T21:21:37Z">
          <reporter-output>
          </reporter-output>
        </test-method> <!-- maxEnvelopes -->
      </class> <!-- test.andy.hello.MaxEnvelopesTest -->
    </test> <!-- Default test -->
  </suite> <!-- Default suite -->
</testng-results>
